<?xml version="1.0" encoding="UTF-8"?>
<!-- Generated by org.testng.reporters.JUnitReportReporter -->
<testsuite hostname="LAPTOP-CJ2139TB" failures="0" tests="2" name="Recherche_produits" time="5.016" errors="0" timestamp="2024-02-19T18:12:40 HNE" skipped="0">
  <testcase classname="Recherche_produits" name="Verifier_produits_trier" time="2.335"/>
  <system-out/>
  <testcase classname="Recherche_produits" name="Verifier_produits_trier" time="2.681"/>
  <system-out/>
</testsuite> <!-- Recherche_produits -->
