<?xml version="1.0" encoding="UTF-8"?>
<!-- Generated by org.testng.reporters.JUnitReportReporter -->
<testsuite hostname="LAPTOP-CJ2139TB" failures="0" tests="4" name="LoginPage" time="42.714" errors="0" timestamp="2024-02-19T18:12:40 HNE" skipped="0">
  <testcase classname="LoginPage" name="LoginTest_invalides" time="8.176"/>
  <system-out/>
  <testcase classname="LoginPage" name="LoginTest_nominal" time="12.167"/>
  <system-out/>
  <testcase classname="LoginPage" name="LoginTest_invalides" time="9.092"/>
  <system-out/>
  <testcase classname="LoginPage" name="LoginTest_nominal" time="13.279"/>
  <system-out/>
</testsuite> <!-- LoginPage -->
